  pch.cpp
  ProjectCode.cpp
c:\users\warwick\documents\github\apspalgorithms\projectcode\projectcode\projectcode.cpp(602): warning C4244: 'initializing': conversion from 'double' to 'float', possible loss of data
c:\users\warwick\documents\github\apspalgorithms\projectcode\projectcode\projectcode.cpp(862): warning C4018: '<': signed/unsigned mismatch
c:\users\warwick\documents\github\apspalgorithms\projectcode\projectcode\projectcode.cpp(1205): warning C4244: 'argument': conversion from 'double' to 'int', possible loss of data
c:\users\warwick\documents\github\apspalgorithms\projectcode\projectcode\projectcode.cpp(1414): warning C4101: 'floyd_warshall': unreferenced local variable
c:\users\warwick\documents\github\apspalgorithms\projectcode\projectcode\projectcode.cpp(1573): warning C4101: 'floyd_warshall': unreferenced local variable
c:\users\warwick\documents\github\apspalgorithms\projectcode\projectcode\projectcode.cpp(769): warning C4018: '<': signed/unsigned mismatch
  c:\users\warwick\documents\github\apspalgorithms\projectcode\projectcode\projectcode.cpp(748): note: while compiling class template member function 'void Dijkstra<float>::SSSP_dijkstra_fibqueue(const StandardGraph<float> &,int,std::vector<Dtype,std::allocator<_Ty>> &)'
          with
          [
              Dtype=float,
              _Ty=float
          ]
  c:\users\warwick\documents\github\apspalgorithms\projectcode\projectcode\projectcode.cpp(826): note: see reference to function template instantiation 'void Dijkstra<float>::SSSP_dijkstra_fibqueue(const StandardGraph<float> &,int,std::vector<Dtype,std::allocator<_Ty>> &)' being compiled
          with
          [
              Dtype=float,
              _Ty=float
          ]
  c:\users\warwick\documents\github\apspalgorithms\projectcode\projectcode\projectcode.cpp(1260): note: see reference to class template instantiation 'Dijkstra<float>' being compiled
c:\users\warwick\documents\github\apspalgorithms\projectcode\projectcode\projectcode.cpp(719): warning C4018: '<': signed/unsigned mismatch
  c:\users\warwick\documents\github\apspalgorithms\projectcode\projectcode\projectcode.cpp(698): note: while compiling class template member function 'void Dijkstra<float>::SSSP_dijkstra(const StandardGraph<float> &,int,std::vector<Dtype,std::allocator<_Ty>> &)'
          with
          [
              Dtype=float,
              _Ty=float
          ]
  c:\users\warwick\documents\github\apspalgorithms\projectcode\projectcode\projectcode.cpp(806): note: see reference to function template instantiation 'void Dijkstra<float>::SSSP_dijkstra(const StandardGraph<float> &,int,std::vector<Dtype,std::allocator<_Ty>> &)' being compiled
          with
          [
              Dtype=float,
              _Ty=float
          ]
  ProjectCode.vcxproj -> C:\Users\Warwick\Documents\GitHub\APSPAlgorithms\ProjectCode\Debug\ProjectCode.exe
